###############################################################################
#                                                                             #
# IAR C/C++ Compiler V5.52.1.50724/W32 for MSP430       07/Jul/2014  17:16:20 #
# Copyright 1996-2013 IAR Systems AB.                                         #
#                                                                             #
#    __rt_version  =  3                                                       #
#    __double_size =  32                                                      #
#    __reg_r4      =  free                                                    #
#    __reg_r5      =  free                                                    #
#    __pic         =  no                                                      #
#    __core        =  430                                                     #
#    Source file   =  C:\Users\a0283112\Desktop\Submeter i2040                #
#                     8k_DC_THD_AUTO_OSR_IAR5.5\emeter-metrology\src\metrolog #
#                     y-fir-table.c                                           #
#    Command line  =  "C:\Users\a0283112\Desktop\Submeter i2040               #
#                     8k_DC_THD_AUTO_OSR_IAR5.5\emeter-metrology\src\metrolog #
#                     y-fir-table.c" -D __MSP430__ -lCN                       #
#                     "C:\Users\a0283112\Desktop\Submeter i2040               #
#                     8k_DC_THD_AUTO_OSR_IAR5.5\emeter-metrology\emeter-metro #
#                     logy-i2041\Debug\List\" -lA                             #
#                     "C:\Users\a0283112\Desktop\Submeter i2040               #
#                     8k_DC_THD_AUTO_OSR_IAR5.5\emeter-metrology\emeter-metro #
#                     logy-i2041\Debug\List\" -o                              #
#                     "C:\Users\a0283112\Desktop\Submeter i2040               #
#                     8k_DC_THD_AUTO_OSR_IAR5.5\emeter-metrology\emeter-metro #
#                     logy-i2041\Debug\Obj\" --debug -D__MSP430I2041__ -e     #
#                     --double=32 --dlib_config "C:\Program Files (x86)\IAR   #
#                     Systems\Embedded Workbench                              #
#                     6.5_0\430\LIB\DLIB\dl430fn.h" --library_module -I       #
#                     "C:\Users\a0283112\Desktop\Submeter i2040               #
#                     8k_DC_THD_AUTO_OSR_IAR5.5\emeter-metrology\emeter-metro #
#                     logy-i2041/../../emeter-toolkit/include\" -I            #
#                     "C:\Users\a0283112\Desktop\Submeter i2040               #
#                     8k_DC_THD_AUTO_OSR_IAR5.5\emeter-metrology\emeter-metro #
#                     logy-i2041/../include\" -I                              #
#                     "C:\Users\a0283112\Desktop\Submeter i2040               #
#                     8k_DC_THD_AUTO_OSR_IAR5.5\emeter-metrology\emeter-metro #
#                     logy-i2041\" -Ohs --multiplier=16s                      #
#    List file     =  C:\Users\a0283112\Desktop\Submeter i2040                #
#                     8k_DC_THD_AUTO_OSR_IAR5.5\emeter-metrology\emeter-metro #
#                     logy-i2041\Debug\List\metrology-fir-table.lst           #
#    Object file   =  C:\Users\a0283112\Desktop\Submeter i2040                #
#                     8k_DC_THD_AUTO_OSR_IAR5.5\emeter-metrology\emeter-metro #
#                     logy-i2041\Debug\Obj\metrology-fir-table.r43            #
#                                                                             #
#                                                                             #
###############################################################################

C:\Users\a0283112\Desktop\Submeter i2040 8k_DC_THD_AUTO_OSR_IAR5.5\emeter-metrology\src\metrology-fir-table.c
      1          /* This file was generated automatically by generate-fir-table */
      2          #include <inttypes.h>
      3          
      4          #include <emeter-toolkit.h>
      5          
      6          #include "emeter-metrology.h"
      7          #include "metrology-structs.h"
      8          
      9          #if (defined(__HAS_SD_ADC__)  ||  !defined(__MSP430__))  &&  defined(REACTIVE_POWER_BY_QUADRATURE_SUPPORT)
     10          /* The FIR table is needed to create accurate 90 degree phase shifts */
     11          // FIR coefficients to correct specific phase shift angles at 50Hz
     12          // and sampling 3906.000000 times per second.
     13          #if (OSR == 256)
     14          const int16_t fir_coeffs[][2] =
     15          {
     16              {  32767,   8198 }, /*  2.3041 deg */
     17              {  31761,   8326 }, /*  2.2681 deg */
     18              {  30785,   8454 }, /*  2.2321 deg */
     19              {  29838,   8582 }, /*  2.1961 deg */
     20              {  28918,   8710 }, /*  2.1601 deg */
     21              {  28026,   8838 }, /*  2.1241 deg */
     22              {  27158,   8965 }, /*  2.0881 deg */
     23              {  26316,   9093 }, /*  2.0521 deg */
     24              {  25496,   9221 }, /*  2.0161 deg */
     25              {  24699,   9349 }, /*  1.9801 deg */
     26              {  23923,   9477 }, /*  1.9441 deg */
     27              {  23168,   9605 }, /*  1.9081 deg */
     28              {  22433,   9733 }, /*  1.8721 deg */
     29              {  21717,   9861 }, /*  1.8361 deg */
     30              {  21019,   9988 }, /*  1.8001 deg */
     31              {  20339,  10116 }, /*  1.7641 deg */
     32              {  19676,  10244 }, /*  1.7281 deg */
     33              {  19029,  10372 }, /*  1.6921 deg */
     34              {  18398,  10500 }, /*  1.6561 deg */
     35              {  17782,  10628 }, /*  1.6201 deg */
     36              {  17181,  10756 }, /*  1.5841 deg */
     37              {  16594,  10883 }, /*  1.5481 deg */
     38              {  16020,  11011 }, /*  1.5121 deg */
     39              {  15460,  11139 }, /*  1.4761 deg */
     40              {  14912,  11267 }, /*  1.4401 deg */
     41              {  14377,  11395 }, /*  1.4041 deg */
     42              {  13853,  11523 }, /*  1.3681 deg */
     43              {  13341,  11651 }, /*  1.3321 deg */
     44              {  12840,  11779 }, /*  1.2961 deg */
     45              {  12350,  11906 }, /*  1.2601 deg */
     46              {  11870,  12034 }, /*  1.2241 deg */
     47              {  11400,  12162 }, /*  1.1881 deg */
     48              {  10940,  12290 }, /*  1.1521 deg */
     49              {  10489,  12418 }, /*  1.1161 deg */
     50              {  10048,  12546 }, /*  1.0801 deg */
     51              {   9615,  12674 }, /*  1.0441 deg */
     52              {   9191,  12801 }, /*  1.0081 deg */
     53              {   8776,  12929 }, /*  0.9721 deg */
     54              {   8368,  13057 }, /*  0.9361 deg */
     55              {   7969,  13185 }, /*  0.9001 deg */
     56              {   7577,  13313 }, /*  0.8641 deg */
     57              {   7192,  13441 }, /*  0.8281 deg */
     58              {   6815,  13569 }, /*  0.7921 deg */
     59              {   6445,  13697 }, /*  0.7560 deg */
     60              {   6081,  13825 }, /*  0.7200 deg */
     61              {   5724,  13952 }, /*  0.6840 deg */
     62              {   5374,  14080 }, /*  0.6480 deg */
     63              {   5030,  14208 }, /*  0.6120 deg */
     64              {   4692,  14336 }, /*  0.5760 deg */
     65              {   4360,  14464 }, /*  0.5400 deg */
     66              {   4034,  14592 }, /*  0.5040 deg */
     67              {   3713,  14720 }, /*  0.4680 deg */
     68              {   3398,  14848 }, /*  0.4320 deg */
     69              {   3089,  14976 }, /*  0.3960 deg */
     70              {   2784,  15104 }, /*  0.3600 deg */
     71              {   2485,  15232 }, /*  0.3240 deg */
     72              {   2190,  15360 }, /*  0.2880 deg */
     73              {   1901,  15488 }, /*  0.2520 deg */
     74              {   1616,  15616 }, /*  0.2160 deg */
     75              {   1336,  15744 }, /*  0.1800 deg */
     76              {   1060,  15872 }, /*  0.1440 deg */
     77              {    788,  16000 }, /*  0.1080 deg */
     78              {    521,  16128 }, /*  0.0720 deg */
     79              {    258,  16256 }, /*  0.0360 deg */
     80              {      0,  16383 }, /*  0.0000 deg */
     81              {   -254,  16512 }, /* -0.0360 deg */
     82              {   -505,  16640 }, /* -0.0720 deg */
     83              {   -752,  16768 }, /* -0.1080 deg */
     84              {   -996,  16896 }, /* -0.1440 deg */
     85              {  -1236,  17024 }, /* -0.1800 deg */
     86              {  -1472,  17152 }, /* -0.2160 deg */
     87              {  -1705,  17280 }, /* -0.2520 deg */
     88              {  -1934,  17408 }, /* -0.2880 deg */
     89              {  -2160,  17536 }, /* -0.3240 deg */
     90              {  -2383,  17664 }, /* -0.3600 deg */
     91              {  -2603,  17792 }, /* -0.3960 deg */
     92              {  -2819,  17920 }, /* -0.4320 deg */
     93              {  -3032,  18048 }, /* -0.4680 deg */
     94              {  -3243,  18176 }, /* -0.5040 deg */
     95              {  -3450,  18304 }, /* -0.5400 deg */
     96              {  -3655,  18432 }, /* -0.5760 deg */
     97              {  -3857,  18561 }, /* -0.6120 deg */
     98              {  -4056,  18689 }, /* -0.6480 deg */
     99              {  -4253,  18817 }, /* -0.6840 deg */
    100              {  -4446,  18945 }, /* -0.7200 deg */
    101              {  -4638,  19073 }, /* -0.7560 deg */
    102              {  -4826,  19201 }, /* -0.7921 deg */
    103              {  -5013,  19330 }, /* -0.8281 deg */
    104              {  -5197,  19458 }, /* -0.8641 deg */
    105              {  -5378,  19586 }, /* -0.9001 deg */
    106              {  -5557,  19714 }, /* -0.9361 deg */
    107              {  -5734,  19842 }, /* -0.9721 deg */
    108              {  -5908,  19971 }, /* -1.0081 deg */
    109              {  -6081,  20099 }, /* -1.0441 deg */
    110              {  -6251,  20227 }, /* -1.0801 deg */
    111              {  -6419,  20355 }, /* -1.1161 deg */
    112              {  -6585,  20484 }, /* -1.1521 deg */
    113              {  -6749,  20612 }, /* -1.1881 deg */
    114              {  -6911,  20740 }, /* -1.2241 deg */
    115              {  -7071,  20869 }, /* -1.2601 deg */
    116              {  -7229,  20997 }, /* -1.2961 deg */
    117              {  -7385,  21125 }, /* -1.3321 deg */
    118              {  -7540,  21254 }, /* -1.3681 deg */
    119              {  -7692,  21382 }, /* -1.4041 deg */
    120              {  -7843,  21510 }, /* -1.4401 deg */
    121              {  -7992,  21639 }, /* -1.4761 deg */
    122              {  -8139,  21767 }, /* -1.5121 deg */
    123              {  -8284,  21896 }, /* -1.5481 deg */
    124              {  -8428,  22024 }, /* -1.5841 deg */
    125              {  -8570,  22152 }, /* -1.6201 deg */
    126              {  -8711,  22281 }, /* -1.6561 deg */
    127              {  -8850,  22409 }, /* -1.6921 deg */
    128              {  -8987,  22538 }, /* -1.7281 deg */
    129              {  -9123,  22666 }, /* -1.7641 deg */
    130              {  -9257,  22795 }, /* -1.8001 deg */
    131              {  -9390,  22923 }, /* -1.8361 deg */
    132              {  -9522,  23052 }, /* -1.8721 deg */
    133              {  -9652,  23180 }, /* -1.9081 deg */
    134              {  -9780,  23309 }, /* -1.9441 deg */
    135              {  -9908,  23438 }, /* -1.9801 deg */
    136              { -10033,  23566 }, /* -2.0161 deg */
    137              { -10158,  23695 }, /* -2.0521 deg */
    138              { -10281,  23824 }, /* -2.0881 deg */
    139              { -10403,  23952 }, /* -2.1241 deg */
    140              { -10523,  24081 }, /* -2.1601 deg */
    141              { -10643,  24210 }, /* -2.1961 deg */
    142              { -10761,  24338 }, /* -2.2321 deg */
    143              { -10878,  24467 }, /* -2.2681 deg */
    144          };
    145          #elif (OSR == 128)
    146          /* FIR coefficients to correct specific phase shift angles at 50.00Hz
    147             and sampling 7812.00 times per second. There are 128 steps
    148             in this table. */

   \                                 In  segment DATA16_C, align 2, align-sorted
    149          const int16_t fir_coeffs[][2] =
   \                     fir_coeffs:
   \   000000   FF7F0120107C DC16 32767, 8193, 31760, 8321, 30782, 8449, 29834, 8577, 28914, 8705
   \            81203E780121
   \            8A748121F270
   \            0122        
   \   000014   746D8122106A DC16 28020, 8833, 27152, 8961, 26309, 9089, 25488, 9217, 24691, 9345
   \            0123C5668123
   \            906301247360
   \            8124        
   \   000028   6A5D0125775A DC16 23914, 9473, 23159, 9601, 22423, 9729, 21707, 9857, 21008, 9985
   \            812597570126
   \            CB5481261052
   \            0127        
   \   00003C   684F8127D04C DC16 20328, 10113, 19664, 10241, 19017, 10369, 18386, 10497, 17770
   \            0128494A8128
   \            D24701296A45
   \   00004E   81291043012A DC16 10625, 17168, 10753, 16581, 10880, 16007, 11008, 15446, 11136
   \            C540802A873E
   \            002B563C802B
   \   000060   333A002C1B38 DC16 14899, 11264, 14363, 11392, 13839, 11520, 13327, 11648, 12826
   \            802C0F36002D
   \            0F34802D1A32
   \   000072   002E3030802E DC16 11776, 12336, 11904, 11856, 12032, 11387, 12160, 10927, 12288
   \            502E002F7B2C
   \            802FAF2A0030
   \   000084   EC2880303327 DC16 10476, 12416, 10035, 12544, 9602, 12672, 9179, 12800, 8763, 12928
   \            003182258031
   \            DB2300323B22
   \            8032        
   \   000098   A4200033151F DC16 8356, 13056, 7957, 13184, 7565, 13312, 7181, 13440, 6804, 13568
   \            80338D1D0034
   \            0D1C8034941A
   \            0035        
   \   0000AC   22198035B717 DC16 6434, 13696, 6071, 13824, 5715, 13952, 5365, 14080, 5021, 14208
   \            003653168036
   \            F51400379D13
   \            8037        
   \   0000C0   4B1200380011 DC16 4683, 14336, 4352, 14464, 4026, 14592, 3706, 14720, 3392, 14848
   \            8038BA0F0039
   \            7A0E8039400D
   \            003A        
   \   0000D4   0A0C803ADA0A DC16 3082, 14976, 2778, 15104, 2479, 15232, 2186, 15360, 1897, 15488
   \            003BAF09803B
   \            8A08003C6907
   \            803C        
   \   0000E8   4C06003D3505 DC16 1612, 15616, 1333, 15744, 1057, 15872, 787, 16000, 520, 16128, 258
   \            803D2104003E
   \            1303803E0802
   \            003F0201    
   \   0000FE   803F00000040 DC16 16256, 0, 16384, -254, 16512, -504, 16640, -751, 16768, -993
   \            02FF804008FE
   \            004111FD8041
   \            1FFC        
   \   000112   004230FB8042 DC16 16896, -1232, 17024, -1468, 17152, -1700, 17280, -1929, 17408
   \            44FA00435CF9
   \            804377F80044
   \   000124   96F78044B8F6 DC16 -2154, 17536, -2376, 17664, -2595, 17792, -2811, 17920, -3024
   \            0045DDF58045
   \            05F5004630F4
   \   000136   80465FF30047 DC16 18048, -3233, 18176, -3440, 18304, -3644, 18432, -3845, 18560
   \            90F28047C4F1
   \            0048FBF08048
   \   000148   34F0004971EF DC16 -4044, 18688, -4239, 18816, -4432, 18944, -4623, 19072, -4811
   \            8049B0EE004A
   \            F1ED804A35ED
   \   00015A   004B7CEC804B DC16 19200, -4996, 19328, -5179, 19456, -5360, 19584, -5538, 19712
   \            C5EB004C10EB
   \            804C5EEA004D
   \   00016C   AEE9804D00E9 DC16 -5714, 19840, -5888, 19968, -6059, 20096, -6229, 20224, -6396
   \            004E55E8804E
   \            ABE7004F04E7
   \   00017E   804F5FE60150 DC16 20352, -6561, 20481, -6724, 20609, -6885, 20737, -7044, 20865
   \            BCE581501BE5
   \            01517CE48151
   \   000190   DEE3015243E3 DC16 -7202, 20993, -7357, 21121, -7510, 21249, -7662, 21377, -7812
   \            8152AAE20153
   \            12E281537CE1
   \   0001A2   0154E8E08154 DC16 21505, -7960, 21633, -8106, 21761, -8251, 21890, -8393, 22018
   \            56E00155C5DF
   \            825537DF0256
   \   0001B4   A9DE82561EDE DC16 -8535, 22146, -8674, 22274, -8812, 22402, -8949, 22530, -9084
   \            025794DD8257
   \            0BDD025884DC
   \   0001C6   8258FFDB0259 DC16 22658, -9217, 22786, -9349, 22914, -9480, 23043, -9609, 23171
   \            7BDB8259F8DA
   \            035A77DA835A
   \   0001D8   F8D9035B79D9 DC16 -9736, 23299, -9863, 23427, -9988, 23555, -10111, 23683, -10233
   \            835BFCD8035C
   \            81D8835C07D8
   \   0001EA   035D8ED7845D DC16 23811, -10354, 23940, -10474, 24068, -10592, 24196, -10709, 24324
   \            16D7045EA0D6
   \            845E2BD6045F
   \   0001FC   B7D5845F     DC16 -10825, 24452
    150          {
    151              {  32767,   8193 }, /*  1.1521 deg */
    152              {  31760,   8321 }, /*  1.1341 deg */
    153              {  30782,   8449 }, /*  1.1161 deg */
    154              {  29834,   8577 }, /*  1.0981 deg */
    155              {  28914,   8705 }, /*  1.0801 deg */
    156              {  28020,   8833 }, /*  1.0621 deg */
    157              {  27152,   8961 }, /*  1.0441 deg */
    158              {  26309,   9089 }, /*  1.0261 deg */
    159              {  25488,   9217 }, /*  1.0081 deg */
    160              {  24691,   9345 }, /*  0.9901 deg */
    161              {  23914,   9473 }, /*  0.9721 deg */
    162              {  23159,   9601 }, /*  0.9541 deg */
    163              {  22423,   9729 }, /*  0.9361 deg */
    164              {  21707,   9857 }, /*  0.9181 deg */
    165              {  21008,   9985 }, /*  0.9001 deg */
    166              {  20328,  10113 }, /*  0.8821 deg */
    167              {  19664,  10241 }, /*  0.8641 deg */
    168              {  19017,  10369 }, /*  0.8461 deg */
    169              {  18386,  10497 }, /*  0.8281 deg */
    170              {  17770,  10625 }, /*  0.8101 deg */
    171              {  17168,  10753 }, /*  0.7921 deg */
    172              {  16581,  10880 }, /*  0.7740 deg */
    173              {  16007,  11008 }, /*  0.7560 deg */
    174              {  15446,  11136 }, /*  0.7380 deg */
    175              {  14899,  11264 }, /*  0.7200 deg */
    176              {  14363,  11392 }, /*  0.7020 deg */
    177              {  13839,  11520 }, /*  0.6840 deg */
    178              {  13327,  11648 }, /*  0.6660 deg */
    179              {  12826,  11776 }, /*  0.6480 deg */
    180              {  12336,  11904 }, /*  0.6300 deg */
    181              {  11856,  12032 }, /*  0.6120 deg */
    182              {  11387,  12160 }, /*  0.5940 deg */
    183              {  10927,  12288 }, /*  0.5760 deg */
    184              {  10476,  12416 }, /*  0.5580 deg */
    185              {  10035,  12544 }, /*  0.5400 deg */
    186              {   9602,  12672 }, /*  0.5220 deg */
    187              {   9179,  12800 }, /*  0.5040 deg */
    188              {   8763,  12928 }, /*  0.4860 deg */
    189              {   8356,  13056 }, /*  0.4680 deg */
    190              {   7957,  13184 }, /*  0.4500 deg */
    191              {   7565,  13312 }, /*  0.4320 deg */
    192              {   7181,  13440 }, /*  0.4140 deg */
    193              {   6804,  13568 }, /*  0.3960 deg */
    194              {   6434,  13696 }, /*  0.3780 deg */
    195              {   6071,  13824 }, /*  0.3600 deg */
    196              {   5715,  13952 }, /*  0.3420 deg */
    197              {   5365,  14080 }, /*  0.3240 deg */
    198              {   5021,  14208 }, /*  0.3060 deg */
    199              {   4683,  14336 }, /*  0.2880 deg */
    200              {   4352,  14464 }, /*  0.2700 deg */
    201              {   4026,  14592 }, /*  0.2520 deg */
    202              {   3706,  14720 }, /*  0.2340 deg */
    203              {   3392,  14848 }, /*  0.2160 deg */
    204              {   3082,  14976 }, /*  0.1980 deg */
    205              {   2778,  15104 }, /*  0.1800 deg */
    206              {   2479,  15232 }, /*  0.1620 deg */
    207              {   2186,  15360 }, /*  0.1440 deg */
    208              {   1897,  15488 }, /*  0.1260 deg */
    209              {   1612,  15616 }, /*  0.1080 deg */
    210              {   1333,  15744 }, /*  0.0900 deg */
    211              {   1057,  15872 }, /*  0.0720 deg */
    212              {    787,  16000 }, /*  0.0540 deg */
    213              {    520,  16128 }, /*  0.0360 deg */
    214              {    258,  16256 }, /*  0.0180 deg */
    215              {      0,  16384 }, /*  0.0000 deg */
    216              {   -254,  16512 }, /* -0.0180 deg */
    217              {   -504,  16640 }, /* -0.0360 deg */
    218              {   -751,  16768 }, /* -0.0540 deg */
    219              {   -993,  16896 }, /* -0.0720 deg */
    220              {  -1232,  17024 }, /* -0.0900 deg */
    221              {  -1468,  17152 }, /* -0.1080 deg */
    222              {  -1700,  17280 }, /* -0.1260 deg */
    223              {  -1929,  17408 }, /* -0.1440 deg */
    224              {  -2154,  17536 }, /* -0.1620 deg */
    225              {  -2376,  17664 }, /* -0.1800 deg */
    226              {  -2595,  17792 }, /* -0.1980 deg */
    227              {  -2811,  17920 }, /* -0.2160 deg */
    228              {  -3024,  18048 }, /* -0.2340 deg */
    229              {  -3233,  18176 }, /* -0.2520 deg */
    230              {  -3440,  18304 }, /* -0.2700 deg */
    231              {  -3644,  18432 }, /* -0.2880 deg */
    232              {  -3845,  18560 }, /* -0.3060 deg */
    233              {  -4044,  18688 }, /* -0.3240 deg */
    234              {  -4239,  18816 }, /* -0.3420 deg */
    235              {  -4432,  18944 }, /* -0.3600 deg */
    236              {  -4623,  19072 }, /* -0.3780 deg */
    237              {  -4811,  19200 }, /* -0.3960 deg */
    238              {  -4996,  19328 }, /* -0.4140 deg */
    239              {  -5179,  19456 }, /* -0.4320 deg */
    240              {  -5360,  19584 }, /* -0.4500 deg */
    241              {  -5538,  19712 }, /* -0.4680 deg */
    242              {  -5714,  19840 }, /* -0.4860 deg */
    243              {  -5888,  19968 }, /* -0.5040 deg */
    244              {  -6059,  20096 }, /* -0.5220 deg */
    245              {  -6229,  20224 }, /* -0.5400 deg */
    246              {  -6396,  20352 }, /* -0.5580 deg */
    247              {  -6561,  20481 }, /* -0.5760 deg */
    248              {  -6724,  20609 }, /* -0.5940 deg */
    249              {  -6885,  20737 }, /* -0.6120 deg */
    250              {  -7044,  20865 }, /* -0.6300 deg */
    251              {  -7202,  20993 }, /* -0.6480 deg */
    252              {  -7357,  21121 }, /* -0.6660 deg */
    253              {  -7510,  21249 }, /* -0.6840 deg */
    254              {  -7662,  21377 }, /* -0.7020 deg */
    255              {  -7812,  21505 }, /* -0.7200 deg */
    256              {  -7960,  21633 }, /* -0.7380 deg */
    257              {  -8106,  21761 }, /* -0.7560 deg */
    258              {  -8251,  21890 }, /* -0.7740 deg */
    259              {  -8393,  22018 }, /* -0.7921 deg */
    260              {  -8535,  22146 }, /* -0.8101 deg */
    261              {  -8674,  22274 }, /* -0.8281 deg */
    262              {  -8812,  22402 }, /* -0.8461 deg */
    263              {  -8949,  22530 }, /* -0.8641 deg */
    264              {  -9084,  22658 }, /* -0.8821 deg */
    265              {  -9217,  22786 }, /* -0.9001 deg */
    266              {  -9349,  22914 }, /* -0.9181 deg */
    267              {  -9480,  23043 }, /* -0.9361 deg */
    268              {  -9609,  23171 }, /* -0.9541 deg */
    269              {  -9736,  23299 }, /* -0.9721 deg */
    270              {  -9863,  23427 }, /* -0.9901 deg */
    271              {  -9988,  23555 }, /* -1.0081 deg */
    272              { -10111,  23683 }, /* -1.0261 deg */
    273              { -10233,  23811 }, /* -1.0441 deg */
    274              { -10354,  23940 }, /* -1.0621 deg */
    275              { -10474,  24068 }, /* -1.0801 deg */
    276              { -10592,  24196 }, /* -1.0981 deg */
    277              { -10709,  24324 }, /* -1.1161 deg */
    278              { -10825,  24452 }, /* -1.1341 deg */
    279          };
    280          #endif
    281          #endif


   Segment part sizes:

   Bytes  Function/Label
   -----  --------------
     512  fir_coeffs

 
 512 bytes in segment DATA16_C
 
 512 bytes of CONST memory

Errors: none
Warnings: none
